<?xml version="1.0" encoding="UTF-8"?>
<!-- Generated by org.testng.reporters.JUnitReportReporter -->
<testsuite hostname="DESKTOP-NG08EO3" failures="0" tests="1" name="pageTests.TC06" time="64.401" errors="0" timestamp="27 Jul 2024 08:32:23 GMT">
  <testcase classname="pageTests.TC06" name="Test06" time="64.401"/>
</testsuite> <!-- pageTests.TC06 -->
